Compiled application.js  (6ms)  (pid 13956)
Compiled jquery.js  (2ms)  (pid 13956)
Compiled jquery_ujs.js  (0ms)  (pid 13956)
Compiled active_admin.js  (2ms)  (pid 13956)
Compiled active_admin/base.js  (1ms)  (pid 13956)
Compiled active_admin/vendor.js  (1ms)  (pid 13956)
Compiled cufon-yui.js  (0ms)  (pid 13956)
Compiled get_involved/get.2.js  (0ms)  (pid 13956)
Compiled get_involved/jquery.localscroll-1.2.7-min.js  (0ms)  (pid 13956)
Compiled get_involved/jquery.scrollTo-1.4.2.js  (0ms)  (pid 13956)
Compiled get_involved/jquery.serialScroll-1.2.2-min.js  (0ms)  (pid 13956)
Compiled jcarousellite_1.0.1.js  (1ms)  (pid 13956)
Compiled jquery-ui-1.8.16.custom.min.js  (1ms)  (pid 13956)
Compiled nav.js  (0ms)  (pid 13956)
Compiled pop_up.js  (0ms)  (pid 13956)
Compiled resizer.js  (0ms)  (pid 13956)
Compiled application.css  (0ms)  (pid 13956)
Compiled application.js  (6ms)  (pid 13952)
Compiled jquery.js  (2ms)  (pid 13952)
Compiled jquery_ujs.js  (0ms)  (pid 13952)
Compiled active_admin.js  (12ms)  (pid 13952)
Compiled active_admin/base.js  (12ms)  (pid 13952)
Compiled active_admin/vendor.js  (2ms)  (pid 13952)
Compiled cufon-yui.js  (0ms)  (pid 13952)
Compiled get_involved/get.2.js  (0ms)  (pid 13952)
Compiled get_involved/jquery.localscroll-1.2.7-min.js  (0ms)  (pid 13952)
Compiled get_involved/jquery.scrollTo-1.4.2.js  (0ms)  (pid 13952)
Compiled get_involved/jquery.serialScroll-1.2.2-min.js  (0ms)  (pid 13952)
Compiled jcarousellite_1.0.1.js  (1ms)  (pid 13952)
Compiled jquery-ui-1.8.16.custom.min.js  (19ms)  (pid 13952)
Compiled nav.js  (0ms)  (pid 13952)
Compiled pop_up.js  (0ms)  (pid 13952)
Compiled resizer.js  (0ms)  (pid 13952)
Compiled application.css  (0ms)  (pid 13952)
